{"C:\\Git\\Playground\\demo-monorepo\\packages\\pinia-store\\user\\user.ts": {"path":"C:\\Git\\Playground\\demo-monorepo\\packages\\pinia-store\\user\\user.ts","all":false,"statementMap":{"0":{"start":{"line":1,"column":0},"end":{"line":1,"column":36}},"1":{"start":{"line":2,"column":0},"end":{"line":2,"column":0}},"2":{"start":{"line":3,"column":0},"end":{"line":3,"column":32}},"3":{"start":{"line":4,"column":0},"end":{"line":4,"column":0}},"4":{"start":{"line":5,"column":0},"end":{"line":5,"column":49}},"5":{"start":{"line":6,"column":0},"end":{"line":6,"column":19}},"6":{"start":{"line":7,"column":0},"end":{"line":7,"column":28}},"7":{"start":{"line":8,"column":0},"end":{"line":8,"column":26}},"8":{"start":{"line":9,"column":0},"end":{"line":9,"column":22}},"9":{"start":{"line":10,"column":0},"end":{"line":10,"column":7}},"10":{"start":{"line":11,"column":0},"end":{"line":11,"column":14}},"11":{"start":{"line":12,"column":0},"end":{"line":12,"column":27}},"12":{"start":{"line":13,"column":0},"end":{"line":13,"column":70}},"13":{"start":{"line":14,"column":0},"end":{"line":14,"column":10}},"14":{"start":{"line":15,"column":0},"end":{"line":15,"column":6}},"15":{"start":{"line":16,"column":0},"end":{"line":16,"column":14}},"16":{"start":{"line":17,"column":0},"end":{"line":17,"column":39}},"17":{"start":{"line":18,"column":0},"end":{"line":18,"column":37}},"18":{"start":{"line":19,"column":0},"end":{"line":19,"column":10}},"19":{"start":{"line":20,"column":0},"end":{"line":20,"column":38}},"20":{"start":{"line":21,"column":0},"end":{"line":21,"column":36}},"21":{"start":{"line":22,"column":0},"end":{"line":22,"column":10}},"22":{"start":{"line":23,"column":0},"end":{"line":23,"column":34}},"23":{"start":{"line":24,"column":0},"end":{"line":24,"column":26}},"24":{"start":{"line":25,"column":0},"end":{"line":25,"column":27}},"25":{"start":{"line":26,"column":0},"end":{"line":26,"column":28}},"26":{"start":{"line":27,"column":0},"end":{"line":27,"column":29}},"27":{"start":{"line":28,"column":0},"end":{"line":28,"column":14}},"28":{"start":{"line":29,"column":0},"end":{"line":29,"column":39}},"29":{"start":{"line":30,"column":0},"end":{"line":30,"column":10}},"30":{"start":{"line":31,"column":0},"end":{"line":31,"column":6}},"31":{"start":{"line":32,"column":0},"end":{"line":32,"column":3}}},"s":{"0":1,"1":1,"2":1,"3":1,"4":1,"5":1,"6":2,"7":2,"8":2,"9":2,"10":1,"11":1,"12":0,"13":0,"14":1,"15":1,"16":1,"17":2,"18":2,"19":1,"20":1,"21":1,"22":1,"23":0,"24":0,"25":0,"26":0,"27":0,"28":0,"29":0,"30":1,"31":1},"branchMap":{"0":{"type":"branch","line":6,"loc":{"start":{"line":6,"column":11},"end":{"line":10,"column":7}},"locations":[{"start":{"line":6,"column":11},"end":{"line":10,"column":7}}]},"1":{"type":"branch","line":17,"loc":{"start":{"line":17,"column":8},"end":{"line":19,"column":10}},"locations":[{"start":{"line":17,"column":8},"end":{"line":19,"column":10}}]},"2":{"type":"branch","line":20,"loc":{"start":{"line":20,"column":8},"end":{"line":22,"column":10}},"locations":[{"start":{"line":20,"column":8},"end":{"line":22,"column":10}}]}},"b":{"0":[2],"1":[2],"2":[1]},"fnMap":{"0":{"name":"state","decl":{"start":{"line":6,"column":11},"end":{"line":10,"column":7}},"loc":{"start":{"line":6,"column":11},"end":{"line":10,"column":7}},"line":6},"1":{"name":"getName","decl":{"start":{"line":12,"column":8},"end":{"line":14,"column":10}},"loc":{"start":{"line":12,"column":8},"end":{"line":14,"column":10}},"line":12},"2":{"name":"setFirstName","decl":{"start":{"line":17,"column":8},"end":{"line":19,"column":10}},"loc":{"start":{"line":17,"column":8},"end":{"line":19,"column":10}},"line":17},"3":{"name":"setLastName","decl":{"start":{"line":20,"column":8},"end":{"line":22,"column":10}},"loc":{"start":{"line":20,"column":8},"end":{"line":22,"column":10}},"line":20},"4":{"name":"setTitle","decl":{"start":{"line":23,"column":8},"end":{"line":30,"column":10}},"loc":{"start":{"line":23,"column":8},"end":{"line":30,"column":10}},"line":23}},"f":{"0":2,"1":0,"2":2,"3":1,"4":0}}
}
